<?xml version="1.0" encoding="UTF-8"?>
<!-- Generated by org.testng.reporters.JUnitXMLReporter -->
<testsuite hostname="usnycpww4255.global.publicisgroupe.net" name="Default test" tests="5" failures="0" timestamp="8 Nov 2017 22:47:03 GMT" time="93.3" errors="0">
  <testcase name="loginLink" time="20.097" classname="brand.automation.PreferenceCenter"/>
  <testcase name="invalidLogin" time="7.094" classname="brand.automation.PreferenceCenter"/>
  <testcase name="validLogin" time="6.994" classname="brand.automation.PreferenceCenter"/>
  <testcase name="resetPassword" time="19.054" classname="brand.automation.PreferenceCenter"/>
  <testcase name="setPassword" time="26.028" classname="brand.automation.PreferenceCenter"/>
</testsuite> <!-- Default test -->
